[19/Mar/2016 11:35:58] DEBUG [core.views:34] Session matching query does not exist.
[19/Mar/2016 11:35:58] DEBUG [core.views:34] Session matching query does not exist.
[19/Mar/2016 11:35:58] DEBUG [core.views:34] Session matching query does not exist.
[19/Mar/2016 11:35:58] DEBUG [core.views:34] Session matching query does not exist.
[19/Mar/2016 11:35:58] DEBUG [core.views:34] Session matching query does not exist.
[19/Mar/2016 11:35:58] DEBUG [core.views:34] Session matching query does not exist.
[19/Mar/2016 11:36:05] DEBUG [core.views:34] Session matching query does not exist.
[19/Mar/2016 11:36:06] DEBUG [core.views:34] Session matching query does not exist.
[19/Mar/2016 11:36:06] DEBUG [core.views:34] Session matching query does not exist.
[19/Mar/2016 11:36:06] DEBUG [core.views:34] Session matching query does not exist.
[19/Mar/2016 11:36:06] DEBUG [core.views:34] Session matching query does not exist.
[19/Mar/2016 11:36:06] DEBUG [core.views:34] Session matching query does not exist.
[19/Mar/2016 11:36:06] DEBUG [core.views:34] Session matching query does not exist.
[19/Mar/2016 11:36:06] DEBUG [core.views:34] Session matching query does not exist.
[19/Mar/2016 11:36:07] DEBUG [core.views:34] Session matching query does not exist.
[19/Mar/2016 11:36:07] DEBUG [core.views:34] Session matching query does not exist.
[19/Mar/2016 11:36:07] DEBUG [core.views:34] Session matching query does not exist.
[19/Mar/2016 11:36:07] DEBUG [core.views:34] Session matching query does not exist.
[19/Mar/2016 11:36:08] DEBUG [core.views:34] Session matching query does not exist.
[19/Mar/2016 11:36:08] DEBUG [core.views:34] Session matching query does not exist.
[19/Mar/2016 11:36:08] DEBUG [core.views:34] Session matching query does not exist.
[19/Mar/2016 11:36:08] DEBUG [core.views:34] Session matching query does not exist.
[19/Mar/2016 11:36:09] DEBUG [core.views:34] Session matching query does not exist.
[19/Mar/2016 11:36:09] DEBUG [core.views:34] Session matching query does not exist.
[19/Mar/2016 11:37:45] DEBUG [core.views:35] Session matching query does not exist.
[19/Mar/2016 11:37:45] DEBUG [core.views:35] Session matching query does not exist.
[19/Mar/2016 11:38:06] DEBUG [core.views:35] Session matching query does not exist.
[19/Mar/2016 11:38:06] DEBUG [core.views:35] Session matching query does not exist.
[19/Mar/2016 11:38:06] DEBUG [core.views:35] Session matching query does not exist.
[19/Mar/2016 11:38:06] DEBUG [core.views:35] Session matching query does not exist.
[19/Mar/2016 11:38:12] DEBUG [core.views:35] Session matching query does not exist.
[19/Mar/2016 11:39:27] DEBUG [core.views:35] Session matching query does not exist.
[19/Mar/2016 11:39:27] DEBUG [core.views:35] Session matching query does not exist.
[19/Mar/2016 11:39:28] DEBUG [core.views:35] Session matching query does not exist.
[19/Mar/2016 11:39:28] DEBUG [core.views:35] Session matching query does not exist.
[19/Mar/2016 11:39:28] DEBUG [core.views:35] Session matching query does not exist.
[19/Mar/2016 11:39:28] DEBUG [core.views:35] Session matching query does not exist.
[19/Mar/2016 11:39:28] DEBUG [core.views:35] Session matching query does not exist.
[19/Mar/2016 11:39:28] DEBUG [core.views:35] Session matching query does not exist.
[19/Mar/2016 11:47:47] DEBUG [core.views:36] 'str' object has no attribute 'get_decoded'
[19/Mar/2016 11:47:48] DEBUG [core.views:36] 'str' object has no attribute 'get_decoded'
[19/Mar/2016 11:47:48] DEBUG [core.views:36] 'str' object has no attribute 'get_decoded'
[19/Mar/2016 11:47:48] DEBUG [core.views:36] 'str' object has no attribute 'get_decoded'
[19/Mar/2016 11:47:49] DEBUG [core.views:36] 'str' object has no attribute 'get_decoded'
[19/Mar/2016 11:47:49] DEBUG [core.views:36] 'str' object has no attribute 'get_decoded'
[19/Mar/2016 11:47:49] DEBUG [core.views:36] 'str' object has no attribute 'get_decoded'
[19/Mar/2016 11:47:49] DEBUG [core.views:36] 'str' object has no attribute 'get_decoded'
[19/Mar/2016 11:52:33] DEBUG [core.views:31] StrictRedis<ConnectionPool<Connection<host=localhost,port=6379,db=0>>>
[19/Mar/2016 11:52:38] DEBUG [core.views:31] StrictRedis<ConnectionPool<Connection<host=localhost,port=6379,db=0>>>
[19/Mar/2016 11:53:08] DEBUG [core.views:31] StrictRedis<ConnectionPool<Connection<host=localhost,port=6379,db=0>>>
[19/Mar/2016 11:53:55] DEBUG [core.views:31] StrictRedis<ConnectionPool<Connection<host=localhost,port=6379,db=0>>>
[19/Mar/2016 11:54:00] DEBUG [core.views:31] StrictRedis<ConnectionPool<Connection<host=localhost,port=6379,db=0>>>
[19/Mar/2016 11:54:03] DEBUG [core.views:31] StrictRedis<ConnectionPool<Connection<host=localhost,port=6379,db=0>>>
[19/Mar/2016 11:55:43] DEBUG [core.views:31] StrictRedis<ConnectionPool<Connection<host=localhost,port=6379,db=0>>>
[19/Mar/2016 11:55:45] DEBUG [core.views:31] StrictRedis<ConnectionPool<Connection<host=localhost,port=6379,db=0>>>
[19/Mar/2016 11:55:46] DEBUG [core.views:31] StrictRedis<ConnectionPool<Connection<host=localhost,port=6379,db=0>>>
[19/Mar/2016 11:55:49] DEBUG [core.views:31] StrictRedis<ConnectionPool<Connection<host=localhost,port=6379,db=0>>>
[19/Mar/2016 11:55:53] DEBUG [core.views:31] StrictRedis<ConnectionPool<Connection<host=localhost,port=6379,db=0>>>
[19/Mar/2016 11:58:14] DEBUG [core.views:31] StrictRedis<ConnectionPool<Connection<host=localhost,port=6379,db=0>>>
[19/Mar/2016 11:58:18] DEBUG [core.views:31] StrictRedis<ConnectionPool<Connection<host=localhost,port=6379,db=0>>>
[19/Mar/2016 13:20:57] DEBUG [core.views:31] StrictRedis<ConnectionPool<Connection<host=localhost,port=6379,db=0>>>
[19/Mar/2016 13:21:23] DEBUG [core.views:31] StrictRedis<ConnectionPool<Connection<host=localhost,port=6379,db=0>>>
[19/Mar/2016 14:40:50] DEBUG [core.views:31] StrictRedis<ConnectionPool<Connection<host=localhost,port=6379,db=0>>>
[19/Mar/2016 14:40:50] DEBUG [core.views:31] StrictRedis<ConnectionPool<Connection<host=localhost,port=6379,db=0>>>
[19/Mar/2016 14:40:50] DEBUG [core.views:31] StrictRedis<ConnectionPool<Connection<host=localhost,port=6379,db=0>>>
[19/Mar/2016 14:40:51] DEBUG [core.views:31] StrictRedis<ConnectionPool<Connection<host=localhost,port=6379,db=0>>>
[19/Mar/2016 14:40:51] DEBUG [core.views:31] StrictRedis<ConnectionPool<Connection<host=localhost,port=6379,db=0>>>
[19/Mar/2016 14:40:52] DEBUG [core.views:31] StrictRedis<ConnectionPool<Connection<host=localhost,port=6379,db=0>>>
[19/Mar/2016 14:45:43] DEBUG [core.views:31] StrictRedis<ConnectionPool<Connection<host=localhost,port=6379,db=0>>>
[19/Mar/2016 14:45:43] DEBUG [core.views:31] StrictRedis<ConnectionPool<Connection<host=localhost,port=6379,db=0>>>
[19/Mar/2016 14:45:43] DEBUG [core.views:31] StrictRedis<ConnectionPool<Connection<host=localhost,port=6379,db=0>>>
[19/Mar/2016 14:45:43] DEBUG [core.views:31] StrictRedis<ConnectionPool<Connection<host=localhost,port=6379,db=0>>>
[19/Mar/2016 14:45:43] DEBUG [core.views:31] StrictRedis<ConnectionPool<Connection<host=localhost,port=6379,db=0>>>
[19/Mar/2016 14:45:43] DEBUG [core.views:31] StrictRedis<ConnectionPool<Connection<host=localhost,port=6379,db=0>>>
[19/Mar/2016 14:45:44] DEBUG [core.views:31] StrictRedis<ConnectionPool<Connection<host=localhost,port=6379,db=0>>>
[19/Mar/2016 14:45:44] DEBUG [core.views:31] StrictRedis<ConnectionPool<Connection<host=localhost,port=6379,db=0>>>
[19/Mar/2016 14:49:22] DEBUG [core.views:31] StrictRedis<ConnectionPool<Connection<host=localhost,port=6379,db=0>>>
[19/Mar/2016 14:49:23] DEBUG [core.views:31] StrictRedis<ConnectionPool<Connection<host=localhost,port=6379,db=0>>>
[19/Mar/2016 14:49:24] DEBUG [core.views:31] StrictRedis<ConnectionPool<Connection<host=localhost,port=6379,db=0>>>
[19/Mar/2016 14:52:10] DEBUG [core.views:31] StrictRedis<ConnectionPool<Connection<host=localhost,port=6379,db=0>>>
[19/Mar/2016 14:53:44] DEBUG [core.views:31] StrictRedis<ConnectionPool<Connection<host=localhost,port=6379,db=0>>>
[19/Mar/2016 14:54:07] DEBUG [core.views:31] StrictRedis<ConnectionPool<Connection<host=localhost,port=6379,db=0>>>
[19/Mar/2016 15:06:30] DEBUG [core.views:28] Comments object
[19/Mar/2016 15:06:30] DEBUG [core.views:31] StrictRedis<ConnectionPool<Connection<host=localhost,port=6379,db=0>>>
[19/Mar/2016 15:13:25] DEBUG [core.views:28] Comments object
[19/Mar/2016 15:13:25] DEBUG [core.views:31] StrictRedis<ConnectionPool<Connection<host=localhost,port=6379,db=0>>>
[19/Mar/2016 15:23:03] DEBUG [core.views:28] Comments object
[19/Mar/2016 15:23:03] DEBUG [core.views:31] StrictRedis<ConnectionPool<Connection<host=localhost,port=6379,db=0>>>
[19/Mar/2016 15:31:41] DEBUG [core.views:39] 'jsaon'
[19/Mar/2016 15:31:43] DEBUG [core.views:39] 'jsaon'
[19/Mar/2016 15:31:59] DEBUG [core.views:39] 'Comments' object is not iterable
[19/Mar/2016 15:32:00] DEBUG [core.views:39] 'Comments' object is not iterable
[19/Mar/2016 15:32:00] DEBUG [core.views:39] 'Comments' object is not iterable
[19/Mar/2016 15:32:00] DEBUG [core.views:39] 'Comments' object is not iterable
[19/Mar/2016 15:32:00] DEBUG [core.views:39] 'Comments' object is not iterable
[19/Mar/2016 15:32:00] DEBUG [core.views:39] 'Comments' object is not iterable
[19/Mar/2016 15:36:24] DEBUG [core.views:29] [{"model": "core.comments", "pk": 47, "fields": {"user": 2, "text": "sdasdas"}}]
[19/Mar/2016 15:36:24] DEBUG [core.views:32] StrictRedis<ConnectionPool<Connection<host=localhost,port=6379,db=0>>>
[19/Mar/2016 15:38:37] DEBUG [core.views:39] 'Comments' object has no attribute 'select_related'
[19/Mar/2016 15:38:40] DEBUG [core.views:39] 'Comments' object has no attribute 'select_related'
[19/Mar/2016 15:46:02] DEBUG [core.views:29] [{"model": "core.comments", "pk": 50, "fields": {"user": 2, "text": "sdsad"}}]
[19/Mar/2016 15:46:02] DEBUG [core.views:32] StrictRedis<ConnectionPool<Connection<host=localhost,port=6379,db=0>>>
[19/Mar/2016 15:46:06] DEBUG [core.views:29] [{"model": "core.comments", "pk": 51, "fields": {"user": 2, "text": "asdsadasd"}}]
[19/Mar/2016 15:46:06] DEBUG [core.views:32] StrictRedis<ConnectionPool<Connection<host=localhost,port=6379,db=0>>>
[19/Mar/2016 15:46:26] DEBUG [core.views:29] [{"model": "core.comments", "pk": 52, "fields": {"user": 2, "text": "asddasdsadsadasdasd asdasdnas das mas mas mnas dnamsd nmadsd"}}]
[19/Mar/2016 15:46:26] DEBUG [core.views:32] StrictRedis<ConnectionPool<Connection<host=localhost,port=6379,db=0>>>
[19/Mar/2016 15:49:07] DEBUG [core.views:44] 'Comments' object is not iterable
[19/Mar/2016 15:49:07] DEBUG [core.views:44] 'Comments' object is not iterable
[19/Mar/2016 15:49:08] DEBUG [core.views:44] 'Comments' object is not iterable
[19/Mar/2016 15:49:46] DEBUG [core.views:31] [
[19/Mar/2016 15:49:46] DEBUG [core.views:37] StrictRedis<ConnectionPool<Connection<host=localhost,port=6379,db=0>>>
[19/Mar/2016 15:49:51] DEBUG [core.views:31] [
[19/Mar/2016 15:49:51] DEBUG [core.views:37] StrictRedis<ConnectionPool<Connection<host=localhost,port=6379,db=0>>>
[19/Mar/2016 15:50:07] DEBUG [core.views:31] [{"model": "core.comments", "pk": 58, "fields": {"user": 2, "text": "asdad"}}]
[19/Mar/2016 15:50:07] DEBUG [core.views:37] StrictRedis<ConnectionPool<Connection<host=localhost,port=6379,db=0>>>
[19/Mar/2016 15:50:52] DEBUG [core.views:44] string indices must be integers
[19/Mar/2016 15:51:44] DEBUG [core.views:31] <type 'unicode'>
[19/Mar/2016 15:51:44] DEBUG [core.views:32] [{"model": "core.comments", "pk": 60, "fields": {"user": 2, "text": "asd"}}]
[19/Mar/2016 15:51:44] DEBUG [core.views:38] StrictRedis<ConnectionPool<Connection<host=localhost,port=6379,db=0>>>
[19/Mar/2016 15:52:27] DEBUG [core.views:31] <type 'unicode'>
[19/Mar/2016 15:52:27] DEBUG [core.views:46] string indices must be integers
[19/Mar/2016 15:53:31] DEBUG [core.views:31] <type 'unicode'>
[19/Mar/2016 15:53:31] DEBUG [core.views:46] string indices must be integers
[19/Mar/2016 15:53:53] DEBUG [core.views:31] <type 'unicode'>
[19/Mar/2016 15:53:53] DEBUG [core.views:46] string indices must be integers
[19/Mar/2016 15:55:04] DEBUG [core.views:31] <type 'list'>
[19/Mar/2016 15:55:04] DEBUG [core.views:46] list indices must be integers, not str
[19/Mar/2016 15:55:10] DEBUG [core.views:31] <type 'list'>
[19/Mar/2016 15:55:10] DEBUG [core.views:46] list indices must be integers, not str
[19/Mar/2016 15:55:11] DEBUG [core.views:31] <type 'list'>
[19/Mar/2016 15:55:11] DEBUG [core.views:46] list indices must be integers, not str
[19/Mar/2016 15:55:11] DEBUG [core.views:31] <type 'list'>
[19/Mar/2016 15:55:11] DEBUG [core.views:46] list indices must be integers, not str
[19/Mar/2016 15:55:11] DEBUG [core.views:31] <type 'list'>
[19/Mar/2016 15:55:11] DEBUG [core.views:46] list indices must be integers, not str
[19/Mar/2016 15:55:12] DEBUG [core.views:31] <type 'list'>
[19/Mar/2016 15:55:12] DEBUG [core.views:46] list indices must be integers, not str
[19/Mar/2016 15:55:12] DEBUG [core.views:31] <type 'list'>
[19/Mar/2016 15:55:12] DEBUG [core.views:46] list indices must be integers, not str
[19/Mar/2016 15:55:12] DEBUG [core.views:31] <type 'list'>
[19/Mar/2016 15:55:12] DEBUG [core.views:46] list indices must be integers, not str
[19/Mar/2016 15:55:12] DEBUG [core.views:31] <type 'list'>
[19/Mar/2016 15:55:12] DEBUG [core.views:46] list indices must be integers, not str
[19/Mar/2016 15:55:33] DEBUG [core.views:31] <type 'dict'>
[19/Mar/2016 15:55:33] DEBUG [core.views:32] {u'text': u'dasd', u'user': 2}
[19/Mar/2016 15:55:33] DEBUG [core.views:33] {u'username': u'pravi', u'first_name': u'', u'last_name': u'', u'is_active': True, u'is_superuser': True, u'is_staff': True, u'last_login': u'2016-03-19T15:53:03.917Z', u'groups': [], u'user_permissions': [], u'password': u'pbkdf2_sha256$24000$C5NacSUNI6mx$/aY8p57LaCKclxtMS1dJUgmTlH+W4PABOyRlJg+Hdm0=', u'email': u'pravi@gmail.com', u'date_joined': u'2016-03-19T15:52:54.075Z'}
[19/Mar/2016 15:55:33] DEBUG [core.views:39] StrictRedis<ConnectionPool<Connection<host=localhost,port=6379,db=0>>>
[19/Mar/2016 15:57:07] DEBUG [core.views:31] <type 'dict'>
[19/Mar/2016 15:57:07] DEBUG [core.views:32] {u'text': u'asdsad', u'user': 2}
[19/Mar/2016 15:57:07] DEBUG [core.views:33] {u'username': u'pravi', u'first_name': u'', u'last_name': u'', u'is_active': True, u'is_superuser': True, u'is_staff': True, u'last_login': u'2016-03-19T15:53:03.917Z', u'groups': [], u'user_permissions': [], u'password': u'pbkdf2_sha256$24000$C5NacSUNI6mx$/aY8p57LaCKclxtMS1dJUgmTlH+W4PABOyRlJg+Hdm0=', u'email': u'pravi@gmail.com', u'date_joined': u'2016-03-19T15:52:54.075Z'}
[19/Mar/2016 15:57:07] DEBUG [core.views:39] StrictRedis<ConnectionPool<Connection<host=localhost,port=6379,db=0>>>
[19/Mar/2016 15:57:13] DEBUG [core.views:31] <type 'dict'>
[19/Mar/2016 15:57:13] DEBUG [core.views:32] {u'text': u'asdasda', u'user': 2}
[19/Mar/2016 15:57:13] DEBUG [core.views:33] {u'username': u'pravi', u'first_name': u'', u'last_name': u'', u'is_active': True, u'is_superuser': True, u'is_staff': True, u'last_login': u'2016-03-19T15:53:03.917Z', u'groups': [], u'user_permissions': [], u'password': u'pbkdf2_sha256$24000$C5NacSUNI6mx$/aY8p57LaCKclxtMS1dJUgmTlH+W4PABOyRlJg+Hdm0=', u'email': u'pravi@gmail.com', u'date_joined': u'2016-03-19T15:52:54.075Z'}
[19/Mar/2016 15:57:13] DEBUG [core.views:39] StrictRedis<ConnectionPool<Connection<host=localhost,port=6379,db=0>>>
[19/Mar/2016 15:57:13] DEBUG [core.views:31] <type 'dict'>
[19/Mar/2016 15:57:13] DEBUG [core.views:32] {u'text': u'asdasd', u'user': 2}
[19/Mar/2016 15:57:13] DEBUG [core.views:33] {u'username': u'pravi', u'first_name': u'', u'last_name': u'', u'is_active': True, u'is_superuser': True, u'is_staff': True, u'last_login': u'2016-03-19T15:53:03.917Z', u'groups': [], u'user_permissions': [], u'password': u'pbkdf2_sha256$24000$C5NacSUNI6mx$/aY8p57LaCKclxtMS1dJUgmTlH+W4PABOyRlJg+Hdm0=', u'email': u'pravi@gmail.com', u'date_joined': u'2016-03-19T15:52:54.075Z'}
[19/Mar/2016 15:57:13] DEBUG [core.views:39] StrictRedis<ConnectionPool<Connection<host=localhost,port=6379,db=0>>>
[19/Mar/2016 15:57:14] DEBUG [core.views:31] <type 'dict'>
[19/Mar/2016 15:57:14] DEBUG [core.views:32] {u'text': u'sadasd', u'user': 2}
[19/Mar/2016 15:57:14] DEBUG [core.views:33] {u'username': u'pravi', u'first_name': u'', u'last_name': u'', u'is_active': True, u'is_superuser': True, u'is_staff': True, u'last_login': u'2016-03-19T15:53:03.917Z', u'groups': [], u'user_permissions': [], u'password': u'pbkdf2_sha256$24000$C5NacSUNI6mx$/aY8p57LaCKclxtMS1dJUgmTlH+W4PABOyRlJg+Hdm0=', u'email': u'pravi@gmail.com', u'date_joined': u'2016-03-19T15:52:54.075Z'}
[19/Mar/2016 15:57:14] DEBUG [core.views:39] StrictRedis<ConnectionPool<Connection<host=localhost,port=6379,db=0>>>
[19/Mar/2016 15:57:15] DEBUG [core.views:31] <type 'dict'>
[19/Mar/2016 15:57:15] DEBUG [core.views:32] {u'text': u'sad', u'user': 2}
[19/Mar/2016 15:57:15] DEBUG [core.views:33] {u'username': u'pravi', u'first_name': u'', u'last_name': u'', u'is_active': True, u'is_superuser': True, u'is_staff': True, u'last_login': u'2016-03-19T15:53:03.917Z', u'groups': [], u'user_permissions': [], u'password': u'pbkdf2_sha256$24000$C5NacSUNI6mx$/aY8p57LaCKclxtMS1dJUgmTlH+W4PABOyRlJg+Hdm0=', u'email': u'pravi@gmail.com', u'date_joined': u'2016-03-19T15:52:54.075Z'}
[19/Mar/2016 15:57:15] DEBUG [core.views:39] StrictRedis<ConnectionPool<Connection<host=localhost,port=6379,db=0>>>
[19/Mar/2016 15:58:21] DEBUG [core.views:42] StrictRedis<ConnectionPool<Connection<host=localhost,port=6379,db=0>>>
[19/Mar/2016 15:58:23] DEBUG [core.views:42] StrictRedis<ConnectionPool<Connection<host=localhost,port=6379,db=0>>>
[19/Mar/2016 15:59:18] DEBUG [core.views:49] 'Comments' object does not support indexing
[19/Mar/2016 15:59:32] DEBUG [core.views:42] StrictRedis<ConnectionPool<Connection<host=localhost,port=6379,db=0>>>
[19/Mar/2016 15:59:38] DEBUG [core.views:42] StrictRedis<ConnectionPool<Connection<host=localhost,port=6379,db=0>>>
[19/Mar/2016 15:59:39] DEBUG [core.views:42] StrictRedis<ConnectionPool<Connection<host=localhost,port=6379,db=0>>>
[19/Mar/2016 15:59:39] DEBUG [core.views:42] StrictRedis<ConnectionPool<Connection<host=localhost,port=6379,db=0>>>
[19/Mar/2016 15:59:39] DEBUG [core.views:42] StrictRedis<ConnectionPool<Connection<host=localhost,port=6379,db=0>>>
[19/Mar/2016 15:59:40] DEBUG [core.views:42] StrictRedis<ConnectionPool<Connection<host=localhost,port=6379,db=0>>>
[19/Mar/2016 15:59:40] DEBUG [core.views:42] StrictRedis<ConnectionPool<Connection<host=localhost,port=6379,db=0>>>
[19/Mar/2016 15:59:41] DEBUG [core.views:42] StrictRedis<ConnectionPool<Connection<host=localhost,port=6379,db=0>>>
[19/Mar/2016 15:59:41] DEBUG [core.views:42] StrictRedis<ConnectionPool<Connection<host=localhost,port=6379,db=0>>>
[19/Mar/2016 15:59:41] DEBUG [core.views:42] StrictRedis<ConnectionPool<Connection<host=localhost,port=6379,db=0>>>
[19/Mar/2016 15:59:42] DEBUG [core.views:42] StrictRedis<ConnectionPool<Connection<host=localhost,port=6379,db=0>>>
[19/Mar/2016 16:03:12] DEBUG [core.views:37] 93
[19/Mar/2016 16:03:12] DEBUG [core.views:42] StrictRedis<ConnectionPool<Connection<host=localhost,port=6379,db=0>>>
[19/Mar/2016 16:03:38] DEBUG [core.views:37] 94
[19/Mar/2016 16:03:38] DEBUG [core.views:39] Comments object
[19/Mar/2016 16:03:38] DEBUG [core.views:43] StrictRedis<ConnectionPool<Connection<host=localhost,port=6379,db=0>>>
[19/Mar/2016 16:04:14] DEBUG [core.views:37] 95
[19/Mar/2016 16:04:14] DEBUG [core.views:39] Comments object
[19/Mar/2016 16:04:14] DEBUG [core.views:43] StrictRedis<ConnectionPool<Connection<host=localhost,port=6379,db=0>>>
[19/Mar/2016 16:04:50] DEBUG [core.views:37] 96
[19/Mar/2016 16:04:50] DEBUG [core.views:39] Comments object
[19/Mar/2016 16:04:50] DEBUG [core.views:51] 'Comments' object has no attribute 'read'
[19/Mar/2016 16:05:46] DEBUG [core.views:37] 97
[19/Mar/2016 16:05:46] DEBUG [core.views:39] Comments object
[19/Mar/2016 16:05:46] DEBUG [core.views:44] StrictRedis<ConnectionPool<Connection<host=localhost,port=6379,db=0>>>
[19/Mar/2016 16:05:48] DEBUG [core.views:37] 98
[19/Mar/2016 16:05:48] DEBUG [core.views:39] Comments object
[19/Mar/2016 16:05:48] DEBUG [core.views:44] StrictRedis<ConnectionPool<Connection<host=localhost,port=6379,db=0>>>
[19/Mar/2016 16:09:35] DEBUG [core.views:37] 99
[19/Mar/2016 16:09:35] DEBUG [core.views:39] Comments object
[19/Mar/2016 16:09:35] DEBUG [core.views:44] StrictRedis<ConnectionPool<Connection<host=localhost,port=6379,db=0>>>
[19/Mar/2016 16:10:17] DEBUG [core.views:37] 100
[19/Mar/2016 16:10:17] DEBUG [core.views:39] Comments object
[19/Mar/2016 16:10:17] DEBUG [core.views:44] StrictRedis<ConnectionPool<Connection<host=localhost,port=6379,db=0>>>
[19/Mar/2016 16:10:17] DEBUG [core.views:37] 101
[19/Mar/2016 16:10:17] DEBUG [core.views:39] Comments object
[19/Mar/2016 16:10:17] DEBUG [core.views:44] StrictRedis<ConnectionPool<Connection<host=localhost,port=6379,db=0>>>
[19/Mar/2016 16:10:17] DEBUG [core.views:37] 102
[19/Mar/2016 16:10:17] DEBUG [core.views:39] Comments object
[19/Mar/2016 16:10:17] DEBUG [core.views:44] StrictRedis<ConnectionPool<Connection<host=localhost,port=6379,db=0>>>
[19/Mar/2016 16:10:17] DEBUG [core.views:37] 103
[19/Mar/2016 16:10:17] DEBUG [core.views:39] Comments object
[19/Mar/2016 16:10:17] DEBUG [core.views:44] StrictRedis<ConnectionPool<Connection<host=localhost,port=6379,db=0>>>
[19/Mar/2016 16:10:18] DEBUG [core.views:37] 104
[19/Mar/2016 16:10:18] DEBUG [core.views:39] Comments object
[19/Mar/2016 16:10:18] DEBUG [core.views:44] StrictRedis<ConnectionPool<Connection<host=localhost,port=6379,db=0>>>
[19/Mar/2016 16:10:18] DEBUG [core.views:37] 105
[19/Mar/2016 16:10:18] DEBUG [core.views:39] Comments object
[19/Mar/2016 16:10:18] DEBUG [core.views:44] StrictRedis<ConnectionPool<Connection<host=localhost,port=6379,db=0>>>
[19/Mar/2016 16:10:18] DEBUG [core.views:37] 106
[19/Mar/2016 16:10:18] DEBUG [core.views:39] Comments object
[19/Mar/2016 16:10:18] DEBUG [core.views:44] StrictRedis<ConnectionPool<Connection<host=localhost,port=6379,db=0>>>
[19/Mar/2016 16:10:18] DEBUG [core.views:37] 107
[19/Mar/2016 16:10:18] DEBUG [core.views:39] Comments object
[19/Mar/2016 16:10:18] DEBUG [core.views:44] StrictRedis<ConnectionPool<Connection<host=localhost,port=6379,db=0>>>
[19/Mar/2016 16:10:18] DEBUG [core.views:37] 108
[19/Mar/2016 16:10:18] DEBUG [core.views:39] Comments object
[19/Mar/2016 16:10:18] DEBUG [core.views:44] StrictRedis<ConnectionPool<Connection<host=localhost,port=6379,db=0>>>
[19/Mar/2016 16:13:59] DEBUG [core.views:31] <type 'dict'>
[19/Mar/2016 16:13:59] DEBUG [core.views:32] {u'text': u'asd\\', u'user': 2}
[19/Mar/2016 16:13:59] DEBUG [core.views:33] {u'username': u'pravi', u'first_name': u'', u'last_name': u'', u'is_active': True, u'is_superuser': True, u'is_staff': True, u'last_login': u'2016-03-19T15:53:03.917Z', u'groups': [], u'user_permissions': [], u'password': u'pbkdf2_sha256$24000$C5NacSUNI6mx$/aY8p57LaCKclxtMS1dJUgmTlH+W4PABOyRlJg+Hdm0=', u'email': u'pravi@gmail.com', u'date_joined': u'2016-03-19T15:52:54.075Z'}
[19/Mar/2016 16:13:59] DEBUG [core.views:44] StrictRedis<ConnectionPool<Connection<host=localhost,port=6379,db=0>>>
[19/Mar/2016 16:18:48] DEBUG [core.views:31] <type 'dict'>
[19/Mar/2016 16:18:48] DEBUG [core.views:32] {u'text': u'asdasd', u'user': 2}
[19/Mar/2016 16:18:48] DEBUG [core.views:33] {u'username': u'pravi', u'first_name': u'', u'last_name': u'', u'is_active': True, u'is_superuser': True, u'is_staff': True, u'last_login': u'2016-03-19T15:53:03.917Z', u'groups': [], u'user_permissions': [], u'password': u'pbkdf2_sha256$24000$C5NacSUNI6mx$/aY8p57LaCKclxtMS1dJUgmTlH+W4PABOyRlJg+Hdm0=', u'email': u'pravi@gmail.com', u'date_joined': u'2016-03-19T15:52:54.075Z'}
[19/Mar/2016 16:18:48] DEBUG [core.views:44] StrictRedis<ConnectionPool<Connection<host=localhost,port=6379,db=0>>>
[19/Mar/2016 16:18:49] DEBUG [core.views:31] <type 'dict'>
[19/Mar/2016 16:18:49] DEBUG [core.views:32] {u'text': u'asdsa', u'user': 2}
[19/Mar/2016 16:18:49] DEBUG [core.views:33] {u'username': u'pravi', u'first_name': u'', u'last_name': u'', u'is_active': True, u'is_superuser': True, u'is_staff': True, u'last_login': u'2016-03-19T15:53:03.917Z', u'groups': [], u'user_permissions': [], u'password': u'pbkdf2_sha256$24000$C5NacSUNI6mx$/aY8p57LaCKclxtMS1dJUgmTlH+W4PABOyRlJg+Hdm0=', u'email': u'pravi@gmail.com', u'date_joined': u'2016-03-19T15:52:54.075Z'}
[19/Mar/2016 16:18:49] DEBUG [core.views:44] StrictRedis<ConnectionPool<Connection<host=localhost,port=6379,db=0>>>
[19/Mar/2016 16:18:49] DEBUG [core.views:31] <type 'dict'>
[19/Mar/2016 16:18:49] DEBUG [core.views:32] {u'text': u'dsad', u'user': 2}
[19/Mar/2016 16:18:49] DEBUG [core.views:33] {u'username': u'pravi', u'first_name': u'', u'last_name': u'', u'is_active': True, u'is_superuser': True, u'is_staff': True, u'last_login': u'2016-03-19T15:53:03.917Z', u'groups': [], u'user_permissions': [], u'password': u'pbkdf2_sha256$24000$C5NacSUNI6mx$/aY8p57LaCKclxtMS1dJUgmTlH+W4PABOyRlJg+Hdm0=', u'email': u'pravi@gmail.com', u'date_joined': u'2016-03-19T15:52:54.075Z'}
[19/Mar/2016 16:18:49] DEBUG [core.views:44] StrictRedis<ConnectionPool<Connection<host=localhost,port=6379,db=0>>>
[19/Mar/2016 16:23:51] DEBUG [core.views:31] <type 'dict'>
[19/Mar/2016 16:23:51] DEBUG [core.views:32] {u'text': u'sad', u'user': 2}
[19/Mar/2016 16:23:51] DEBUG [core.views:33] {u'username': u'pravi', u'first_name': u'', u'last_name': u'', u'is_active': True, u'is_superuser': True, u'is_staff': True, u'last_login': u'2016-03-19T15:53:03.917Z', u'groups': [], u'user_permissions': [], u'password': u'pbkdf2_sha256$24000$C5NacSUNI6mx$/aY8p57LaCKclxtMS1dJUgmTlH+W4PABOyRlJg+Hdm0=', u'email': u'pravi@gmail.com', u'date_joined': u'2016-03-19T15:52:54.075Z'}
[19/Mar/2016 16:23:51] DEBUG [core.views:44] StrictRedis<ConnectionPool<Connection<host=localhost,port=6379,db=0>>>
[19/Mar/2016 16:26:23] DEBUG [core.views:31] <type 'dict'>
[19/Mar/2016 16:26:23] DEBUG [core.views:32] {u'text': u'asdsad', u'user': 2}
[19/Mar/2016 16:26:23] DEBUG [core.views:33] {u'username': u'pravi', u'first_name': u'', u'last_name': u'', u'is_active': True, u'is_superuser': True, u'is_staff': True, u'last_login': u'2016-03-19T15:53:03.917Z', u'groups': [], u'user_permissions': [], u'password': u'pbkdf2_sha256$24000$C5NacSUNI6mx$/aY8p57LaCKclxtMS1dJUgmTlH+W4PABOyRlJg+Hdm0=', u'email': u'pravi@gmail.com', u'date_joined': u'2016-03-19T15:52:54.075Z'}
[19/Mar/2016 16:26:23] DEBUG [core.views:44] StrictRedis<ConnectionPool<Connection<host=localhost,port=6379,db=0>>>
[19/Mar/2016 16:27:00] DEBUG [core.views:31] <type 'dict'>
[19/Mar/2016 16:27:00] DEBUG [core.views:32] {u'text': u'asd', u'user': 2}
[19/Mar/2016 16:27:00] DEBUG [core.views:33] {u'username': u'pravi', u'first_name': u'', u'last_name': u'', u'is_active': True, u'is_superuser': True, u'is_staff': True, u'last_login': u'2016-03-19T15:53:03.917Z', u'groups': [], u'user_permissions': [], u'password': u'pbkdf2_sha256$24000$C5NacSUNI6mx$/aY8p57LaCKclxtMS1dJUgmTlH+W4PABOyRlJg+Hdm0=', u'email': u'pravi@gmail.com', u'date_joined': u'2016-03-19T15:52:54.075Z'}
[19/Mar/2016 16:27:00] DEBUG [core.views:44] StrictRedis<ConnectionPool<Connection<host=localhost,port=6379,db=0>>>
[19/Mar/2016 16:27:01] DEBUG [core.views:31] <type 'dict'>
[19/Mar/2016 16:27:01] DEBUG [core.views:32] {u'text': u'asd', u'user': 2}
[19/Mar/2016 16:27:01] DEBUG [core.views:33] {u'username': u'pravi', u'first_name': u'', u'last_name': u'', u'is_active': True, u'is_superuser': True, u'is_staff': True, u'last_login': u'2016-03-19T15:53:03.917Z', u'groups': [], u'user_permissions': [], u'password': u'pbkdf2_sha256$24000$C5NacSUNI6mx$/aY8p57LaCKclxtMS1dJUgmTlH+W4PABOyRlJg+Hdm0=', u'email': u'pravi@gmail.com', u'date_joined': u'2016-03-19T15:52:54.075Z'}
[19/Mar/2016 16:27:01] DEBUG [core.views:44] StrictRedis<ConnectionPool<Connection<host=localhost,port=6379,db=0>>>
[19/Mar/2016 16:27:01] DEBUG [core.views:31] <type 'dict'>
[19/Mar/2016 16:27:01] DEBUG [core.views:32] {u'text': u'dsad', u'user': 2}
[19/Mar/2016 16:27:01] DEBUG [core.views:33] {u'username': u'pravi', u'first_name': u'', u'last_name': u'', u'is_active': True, u'is_superuser': True, u'is_staff': True, u'last_login': u'2016-03-19T15:53:03.917Z', u'groups': [], u'user_permissions': [], u'password': u'pbkdf2_sha256$24000$C5NacSUNI6mx$/aY8p57LaCKclxtMS1dJUgmTlH+W4PABOyRlJg+Hdm0=', u'email': u'pravi@gmail.com', u'date_joined': u'2016-03-19T15:52:54.075Z'}
[19/Mar/2016 16:27:01] DEBUG [core.views:44] StrictRedis<ConnectionPool<Connection<host=localhost,port=6379,db=0>>>
[19/Mar/2016 16:27:35] DEBUG [core.views:31] <type 'dict'>
[19/Mar/2016 16:27:35] DEBUG [core.views:32] {u'text': u'asd', u'user': 2}
[19/Mar/2016 16:27:35] DEBUG [core.views:33] {u'username': u'pravi', u'first_name': u'', u'last_name': u'', u'is_active': True, u'is_superuser': True, u'is_staff': True, u'last_login': u'2016-03-19T15:53:03.917Z', u'groups': [], u'user_permissions': [], u'password': u'pbkdf2_sha256$24000$C5NacSUNI6mx$/aY8p57LaCKclxtMS1dJUgmTlH+W4PABOyRlJg+Hdm0=', u'email': u'pravi@gmail.com', u'date_joined': u'2016-03-19T15:52:54.075Z'}
[19/Mar/2016 16:27:35] DEBUG [core.views:44] StrictRedis<ConnectionPool<Connection<host=localhost,port=6379,db=0>>>
[19/Mar/2016 16:27:55] DEBUG [core.views:31] <type 'dict'>
[19/Mar/2016 16:27:55] DEBUG [core.views:32] {u'text': u'sa', u'user': 2}
[19/Mar/2016 16:27:55] DEBUG [core.views:33] {u'username': u'pravi', u'first_name': u'', u'last_name': u'', u'is_active': True, u'is_superuser': True, u'is_staff': True, u'last_login': u'2016-03-19T15:53:03.917Z', u'groups': [], u'user_permissions': [], u'password': u'pbkdf2_sha256$24000$C5NacSUNI6mx$/aY8p57LaCKclxtMS1dJUgmTlH+W4PABOyRlJg+Hdm0=', u'email': u'pravi@gmail.com', u'date_joined': u'2016-03-19T15:52:54.075Z'}
[19/Mar/2016 16:27:55] DEBUG [core.views:44] StrictRedis<ConnectionPool<Connection<host=localhost,port=6379,db=0>>>
[19/Mar/2016 16:28:20] DEBUG [core.views:31] <type 'dict'>
[19/Mar/2016 16:28:20] DEBUG [core.views:32] {u'text': u'sd', u'user': 2}
[19/Mar/2016 16:28:20] DEBUG [core.views:33] {u'username': u'pravi', u'first_name': u'', u'last_name': u'', u'is_active': True, u'is_superuser': True, u'is_staff': True, u'last_login': u'2016-03-19T15:53:03.917Z', u'groups': [], u'user_permissions': [], u'password': u'pbkdf2_sha256$24000$C5NacSUNI6mx$/aY8p57LaCKclxtMS1dJUgmTlH+W4PABOyRlJg+Hdm0=', u'email': u'pravi@gmail.com', u'date_joined': u'2016-03-19T15:52:54.075Z'}
[19/Mar/2016 16:28:20] DEBUG [core.views:44] StrictRedis<ConnectionPool<Connection<host=localhost,port=6379,db=0>>>
[19/Mar/2016 16:31:23] DEBUG [core.views:31] <type 'dict'>
[19/Mar/2016 16:31:23] DEBUG [core.views:32] {u'text': u'asd', u'user': 2}
[19/Mar/2016 16:31:23] DEBUG [core.views:33] {u'username': u'pravi', u'first_name': u'', u'last_name': u'', u'is_active': True, u'is_superuser': True, u'is_staff': True, u'last_login': u'2016-03-19T15:53:03.917Z', u'groups': [], u'user_permissions': [], u'password': u'pbkdf2_sha256$24000$C5NacSUNI6mx$/aY8p57LaCKclxtMS1dJUgmTlH+W4PABOyRlJg+Hdm0=', u'email': u'pravi@gmail.com', u'date_joined': u'2016-03-19T15:52:54.075Z'}
[19/Mar/2016 16:31:23] DEBUG [core.views:44] StrictRedis<ConnectionPool<Connection<host=localhost,port=6379,db=0>>>
[19/Mar/2016 16:35:42] DEBUG [core.views:31] <type 'dict'>
[19/Mar/2016 16:35:42] DEBUG [core.views:32] {u'text': u'asd', u'user': 2}
[19/Mar/2016 16:35:42] DEBUG [core.views:33] {u'username': u'pravi', u'first_name': u'', u'last_name': u'', u'is_active': True, u'is_superuser': True, u'is_staff': True, u'last_login': u'2016-03-19T15:53:03.917Z', u'groups': [], u'user_permissions': [], u'password': u'pbkdf2_sha256$24000$C5NacSUNI6mx$/aY8p57LaCKclxtMS1dJUgmTlH+W4PABOyRlJg+Hdm0=', u'email': u'pravi@gmail.com', u'date_joined': u'2016-03-19T15:52:54.075Z'}
[19/Mar/2016 16:35:42] DEBUG [core.views:44] StrictRedis<ConnectionPool<Connection<host=localhost,port=6379,db=0>>>
[19/Mar/2016 16:39:44] DEBUG [core.views:31] <type 'dict'>
[19/Mar/2016 16:39:44] DEBUG [core.views:32] {u'text': u'asdas', u'user': 2}
[19/Mar/2016 16:39:44] DEBUG [core.views:33] {u'username': u'pravi', u'first_name': u'', u'last_name': u'', u'is_active': True, u'is_superuser': True, u'is_staff': True, u'last_login': u'2016-03-19T15:53:03.917Z', u'groups': [], u'user_permissions': [], u'password': u'pbkdf2_sha256$24000$C5NacSUNI6mx$/aY8p57LaCKclxtMS1dJUgmTlH+W4PABOyRlJg+Hdm0=', u'email': u'pravi@gmail.com', u'date_joined': u'2016-03-19T15:52:54.075Z'}
[19/Mar/2016 16:39:44] DEBUG [core.views:44] StrictRedis<ConnectionPool<Connection<host=localhost,port=6379,db=0>>>
[19/Mar/2016 16:39:44] DEBUG [core.views:31] <type 'dict'>
[19/Mar/2016 16:39:44] DEBUG [core.views:32] {u'text': u'sadadsa', u'user': 2}
[19/Mar/2016 16:39:44] DEBUG [core.views:33] {u'username': u'pravi', u'first_name': u'', u'last_name': u'', u'is_active': True, u'is_superuser': True, u'is_staff': True, u'last_login': u'2016-03-19T15:53:03.917Z', u'groups': [], u'user_permissions': [], u'password': u'pbkdf2_sha256$24000$C5NacSUNI6mx$/aY8p57LaCKclxtMS1dJUgmTlH+W4PABOyRlJg+Hdm0=', u'email': u'pravi@gmail.com', u'date_joined': u'2016-03-19T15:52:54.075Z'}
[19/Mar/2016 16:39:44] DEBUG [core.views:44] StrictRedis<ConnectionPool<Connection<host=localhost,port=6379,db=0>>>
[19/Mar/2016 16:45:51] DEBUG [core.views:31] <type 'dict'>
[19/Mar/2016 16:45:51] DEBUG [core.views:32] {u'text': u'dsadasds', u'user': 2}
[19/Mar/2016 16:45:51] DEBUG [core.views:33] {u'username': u'pravi', u'first_name': u'', u'last_name': u'', u'is_active': True, u'is_superuser': True, u'is_staff': True, u'last_login': u'2016-03-19T15:53:03.917Z', u'groups': [], u'user_permissions': [], u'password': u'pbkdf2_sha256$24000$C5NacSUNI6mx$/aY8p57LaCKclxtMS1dJUgmTlH+W4PABOyRlJg+Hdm0=', u'email': u'pravi@gmail.com', u'date_joined': u'2016-03-19T15:52:54.075Z'}
[19/Mar/2016 16:45:51] DEBUG [core.views:52] 'password'
[19/Mar/2016 16:47:04] DEBUG [core.views:31] <type 'dict'>
[19/Mar/2016 16:47:04] DEBUG [core.views:32] {u'text': u'asd', u'user': 2}
[19/Mar/2016 16:47:04] DEBUG [core.views:33] {u'username': u'pravi', u'first_name': u'', u'last_name': u'', u'is_active': True, u'is_superuser': True, u'is_staff': True, u'last_login': u'2016-03-19T15:53:03.917Z', u'groups': [], u'user_permissions': [], u'password': u'pbkdf2_sha256$24000$C5NacSUNI6mx$/aY8p57LaCKclxtMS1dJUgmTlH+W4PABOyRlJg+Hdm0=', u'email': u'pravi@gmail.com', u'date_joined': u'2016-03-19T15:52:54.075Z'}
[19/Mar/2016 16:47:04] DEBUG [core.views:52] 'password'
[19/Mar/2016 16:48:27] DEBUG [core.views:31] <type 'dict'>
[19/Mar/2016 16:48:27] DEBUG [core.views:32] {u'text': u'sd', u'user': 2}
[19/Mar/2016 16:48:27] DEBUG [core.views:33] {u'username': u'pravi', u'first_name': u'', u'last_name': u'', u'is_active': True, u'is_superuser': True, u'is_staff': True, u'last_login': u'2016-03-19T15:53:03.917Z', u'groups': [], u'user_permissions': [], u'password': u'pbkdf2_sha256$24000$C5NacSUNI6mx$/aY8p57LaCKclxtMS1dJUgmTlH+W4PABOyRlJg+Hdm0=', u'email': u'pravi@gmail.com', u'date_joined': u'2016-03-19T15:52:54.075Z'}
[19/Mar/2016 16:48:27] DEBUG [core.views:52] 'dict' object has no attribute 'password'
[19/Mar/2016 16:53:34] DEBUG [core.views:52] 'User' object has no attribute 'fields'
[19/Mar/2016 16:53:51] DEBUG [core.views:52] 'User' object has no attribute 'fields'
[19/Mar/2016 17:02:00] DEBUG [core.views:52] Invalid argument for include_parents: username
[19/Mar/2016 17:05:44] DEBUG [core.views:52] relation "core_user" does not exist
LINE 1: ...er"."date_joined", "core_user"."user_ptr_id" FROM "core_user...
                                                             ^

[19/Mar/2016 17:07:33] DEBUG [core.views:52] relation "core_user" does not exist
LINE 1: ...er"."date_joined", "core_user"."user_ptr_id" FROM "core_user...
                                                             ^

[19/Mar/2016 17:07:41] DEBUG [core.views:52] relation "core_user" does not exist
LINE 1: ...er"."date_joined", "core_user"."user_ptr_id" FROM "core_user...
                                                             ^

[19/Mar/2016 17:18:13] DEBUG [core.views:52] Cannot resolve keyword 'id' into field. Choices are: comments, date_joined, email, first_name, last_login, last_name, password, user_id, username
[19/Mar/2016 17:19:29] DEBUG [core.views:52] Cannot resolve keyword 'id' into field. Choices are: comments, date_joined, email, first_name, last_login, last_name, password, user_id, username
[19/Mar/2016 17:20:44] DEBUG [core.views:53] Cannot resolve keyword 'id' into field. Choices are: comments, date_joined, email, first_name, last_login, last_name, password, user_id, username
[19/Mar/2016 17:21:32] DEBUG [core.views:53] User matching query does not exist.
[19/Mar/2016 17:21:37] DEBUG [core.views:53] User matching query does not exist.
[19/Mar/2016 17:21:38] DEBUG [core.views:53] User matching query does not exist.
[19/Mar/2016 17:21:38] DEBUG [core.views:53] User matching query does not exist.
[19/Mar/2016 17:21:38] DEBUG [core.views:53] User matching query does not exist.
[19/Mar/2016 17:21:38] DEBUG [core.views:53] User matching query does not exist.
[19/Mar/2016 17:21:38] DEBUG [core.views:53] User matching query does not exist.
[19/Mar/2016 17:23:20] DEBUG [core.views:24] 1
[19/Mar/2016 17:23:20] DEBUG [core.views:54] User matching query does not exist.
[19/Mar/2016 17:30:18] DEBUG [core.views:24] 1
[19/Mar/2016 17:30:18] DEBUG [core.views:54] User matching query does not exist.
[19/Mar/2016 17:30:18] DEBUG [core.views:24] 1
[19/Mar/2016 17:30:18] DEBUG [core.views:54] User matching query does not exist.
[19/Mar/2016 17:30:18] DEBUG [core.views:24] 1
[19/Mar/2016 17:30:18] DEBUG [core.views:54] User matching query does not exist.
[19/Mar/2016 17:30:19] DEBUG [core.views:24] 1
[19/Mar/2016 17:30:19] DEBUG [core.views:54] User matching query does not exist.
[19/Mar/2016 17:30:19] DEBUG [core.views:24] 1
[19/Mar/2016 17:30:19] DEBUG [core.views:54] User matching query does not exist.
[19/Mar/2016 17:30:19] DEBUG [core.views:24] 1
[19/Mar/2016 17:30:19] DEBUG [core.views:54] User matching query does not exist.
[19/Mar/2016 17:30:19] DEBUG [core.views:24] 1
[19/Mar/2016 17:30:19] DEBUG [core.views:54] User matching query does not exist.
[19/Mar/2016 17:30:20] DEBUG [core.views:24] 1
[19/Mar/2016 17:30:20] DEBUG [core.views:54] User matching query does not exist.
[19/Mar/2016 17:30:20] DEBUG [core.views:24] 1
[19/Mar/2016 17:30:20] DEBUG [core.views:54] User matching query does not exist.
[19/Mar/2016 17:30:20] DEBUG [core.views:24] 1
[19/Mar/2016 17:30:20] DEBUG [core.views:54] User matching query does not exist.
[19/Mar/2016 17:30:20] DEBUG [core.views:24] 1
[19/Mar/2016 17:30:20] DEBUG [core.views:54] User matching query does not exist.
[19/Mar/2016 17:30:20] DEBUG [core.views:24] 1
[19/Mar/2016 17:30:20] DEBUG [core.views:54] User matching query does not exist.
[19/Mar/2016 17:30:20] DEBUG [core.views:24] 1
[19/Mar/2016 17:30:20] DEBUG [core.views:54] User matching query does not exist.
[19/Mar/2016 17:30:21] DEBUG [core.views:24] 1
[19/Mar/2016 17:30:21] DEBUG [core.views:54] User matching query does not exist.
[19/Mar/2016 17:30:21] DEBUG [core.views:24] 1
[19/Mar/2016 17:30:21] DEBUG [core.views:54] User matching query does not exist.
[19/Mar/2016 17:30:33] DEBUG [core.views:24] 1
[19/Mar/2016 17:30:33] DEBUG [core.views:54] User matching query does not exist.
[19/Mar/2016 17:30:33] DEBUG [core.views:24] 1
[19/Mar/2016 17:30:33] DEBUG [core.views:54] User matching query does not exist.
[19/Mar/2016 17:30:33] DEBUG [core.views:24] 1
[19/Mar/2016 17:30:33] DEBUG [core.views:54] User matching query does not exist.
[19/Mar/2016 17:30:33] DEBUG [core.views:24] 1
[19/Mar/2016 17:30:33] DEBUG [core.views:54] User matching query does not exist.
[19/Mar/2016 17:38:45] DEBUG [core.views:24] 1
[19/Mar/2016 17:38:45] DEBUG [core.views:54] User matching query does not exist.
[19/Mar/2016 17:38:50] DEBUG [core.views:24] 1
[19/Mar/2016 17:38:50] DEBUG [core.views:54] User matching query does not exist.
[19/Mar/2016 17:38:50] DEBUG [core.views:24] 1
[19/Mar/2016 17:38:50] DEBUG [core.views:54] User matching query does not exist.
[19/Mar/2016 17:38:50] DEBUG [core.views:24] 1
[19/Mar/2016 17:38:50] DEBUG [core.views:54] User matching query does not exist.
[19/Mar/2016 17:38:50] DEBUG [core.views:24] 1
[19/Mar/2016 17:38:50] DEBUG [core.views:54] User matching query does not exist.
[19/Mar/2016 17:38:51] DEBUG [core.views:24] 1
[19/Mar/2016 17:38:51] DEBUG [core.views:54] User matching query does not exist.
[19/Mar/2016 17:38:51] DEBUG [core.views:24] 1
[19/Mar/2016 17:38:51] DEBUG [core.views:54] User matching query does not exist.
[19/Mar/2016 17:38:51] DEBUG [core.views:24] 1
[19/Mar/2016 17:38:51] DEBUG [core.views:54] User matching query does not exist.
[19/Mar/2016 17:38:51] DEBUG [core.views:24] 1
[19/Mar/2016 17:38:51] DEBUG [core.views:54] User matching query does not exist.
[19/Mar/2016 17:38:51] DEBUG [core.views:24] 1
[19/Mar/2016 17:38:51] DEBUG [core.views:54] User matching query does not exist.
[19/Mar/2016 17:38:51] DEBUG [core.views:24] 1
[19/Mar/2016 17:38:51] DEBUG [core.views:54] User matching query does not exist.
[19/Mar/2016 17:38:52] DEBUG [core.views:24] 1
[19/Mar/2016 17:38:52] DEBUG [core.views:54] User matching query does not exist.
[19/Mar/2016 17:39:35] DEBUG [core.views:24] 1
[19/Mar/2016 17:39:35] DEBUG [core.views:54] User matching query does not exist.
[19/Mar/2016 17:39:36] DEBUG [core.views:24] 1
[19/Mar/2016 17:39:36] DEBUG [core.views:54] User matching query does not exist.
[19/Mar/2016 17:39:46] DEBUG [core.views:24] 1
[19/Mar/2016 17:39:46] DEBUG [core.views:54] User matching query does not exist.
[19/Mar/2016 17:39:47] DEBUG [core.views:24] 1
[19/Mar/2016 17:39:47] DEBUG [core.views:54] User matching query does not exist.
[19/Mar/2016 18:10:40] DEBUG [core.views:24] 2
[19/Mar/2016 18:10:40] DEBUG [core.views:26] 
[19/Mar/2016 18:10:40] DEBUG [core.views:33] <type 'dict'>
[19/Mar/2016 18:10:40] DEBUG [core.views:34] {u'text': u'asdsad', u'user': 2}
[19/Mar/2016 18:10:40] DEBUG [core.views:35] {u'username': u'testuser', u'profile_pic': u'http://jnrgym.com/wp-content/uploads/2013/08/Facebook-no-profile-picture-icon-620x389.jpg', u'first_name': u'Raavi', u'last_name': None, u'is_active': True, u'is_superuser': True, u'is_staff': True, u'last_login': u'2016-03-19T22:10:31.852Z', u'is_admin': True, u'password': u'pbkdf2_sha256$24000$aPmi6i5s8pam$ftBhxvtDj/WKrQhuz1yM0JZz42kgJ1ZUjLxBaQ/l0+o=', u'email': u'', u'date_joined': u'2016-03-19T22:05:45.731Z'}
[19/Mar/2016 18:10:40] DEBUG [core.views:47] StrictRedis<ConnectionPool<Connection<host=localhost,port=6379,db=0>>>
[19/Mar/2016 18:11:05] DEBUG [core.views:24] 2
[19/Mar/2016 18:11:05] DEBUG [core.views:26] 
[19/Mar/2016 18:11:05] DEBUG [core.views:33] <type 'dict'>
[19/Mar/2016 18:11:05] DEBUG [core.views:34] {u'text': u'hello', u'user': 2}
[19/Mar/2016 18:11:05] DEBUG [core.views:35] {u'username': u'testuser', u'profile_pic': u'http://jnrgym.com/wp-content/uploads/2013/08/Facebook-no-profile-picture-icon-620x389.jpg', u'first_name': u'Raavi', u'last_name': None, u'is_active': True, u'is_superuser': True, u'is_staff': True, u'last_login': u'2016-03-19T22:11:02.281Z', u'is_admin': True, u'password': u'pbkdf2_sha256$24000$aPmi6i5s8pam$ftBhxvtDj/WKrQhuz1yM0JZz42kgJ1ZUjLxBaQ/l0+o=', u'email': u'', u'date_joined': u'2016-03-19T22:05:45.731Z'}
[19/Mar/2016 18:11:05] DEBUG [core.views:47] StrictRedis<ConnectionPool<Connection<host=localhost,port=6379,db=0>>>
[19/Mar/2016 18:11:20] DEBUG [core.views:24] 2
[19/Mar/2016 18:11:20] DEBUG [core.views:26] 
[19/Mar/2016 18:11:21] DEBUG [core.views:33] <type 'dict'>
[19/Mar/2016 18:11:21] DEBUG [core.views:34] {u'text': u'1', u'user': 2}
[19/Mar/2016 18:11:21] DEBUG [core.views:35] {u'username': u'testuser', u'profile_pic': u'http://jnrgym.com/wp-content/uploads/2013/08/Facebook-no-profile-picture-icon-620x389.jpg', u'first_name': u'Raavi', u'last_name': None, u'is_active': True, u'is_superuser': True, u'is_staff': True, u'last_login': u'2016-03-19T22:11:02.281Z', u'is_admin': True, u'password': u'pbkdf2_sha256$24000$aPmi6i5s8pam$ftBhxvtDj/WKrQhuz1yM0JZz42kgJ1ZUjLxBaQ/l0+o=', u'email': u'', u'date_joined': u'2016-03-19T22:05:45.731Z'}
[19/Mar/2016 18:11:21] DEBUG [core.views:47] StrictRedis<ConnectionPool<Connection<host=localhost,port=6379,db=0>>>
[19/Mar/2016 18:12:25] DEBUG [core.views:24] 2
[19/Mar/2016 18:12:25] DEBUG [core.views:26] 
[19/Mar/2016 18:12:26] DEBUG [core.views:44] StrictRedis<ConnectionPool<Connection<host=localhost,port=6379,db=0>>>
[19/Mar/2016 18:13:48] DEBUG [core.views:24] 2
[19/Mar/2016 18:13:48] DEBUG [core.views:26] 
[19/Mar/2016 18:13:48] DEBUG [core.views:44] StrictRedis<ConnectionPool<Connection<host=localhost,port=6379,db=0>>>
[19/Mar/2016 18:13:48] DEBUG [core.views:51] 'dict' object has no attribute 'read'
[19/Mar/2016 18:13:53] DEBUG [core.views:24] 2
[19/Mar/2016 18:13:53] DEBUG [core.views:26] 
[19/Mar/2016 18:13:53] DEBUG [core.views:44] StrictRedis<ConnectionPool<Connection<host=localhost,port=6379,db=0>>>
[19/Mar/2016 18:13:53] DEBUG [core.views:51] 'dict' object has no attribute 'read'
[19/Mar/2016 18:14:01] DEBUG [core.views:24] 2
[19/Mar/2016 18:14:01] DEBUG [core.views:26] 
[19/Mar/2016 18:14:01] DEBUG [core.views:44] StrictRedis<ConnectionPool<Connection<host=localhost,port=6379,db=0>>>
[19/Mar/2016 18:14:01] DEBUG [core.views:51] expected string or buffer
[19/Mar/2016 18:14:04] DEBUG [core.views:24] 2
[19/Mar/2016 18:14:04] DEBUG [core.views:26] 
[19/Mar/2016 18:14:04] DEBUG [core.views:44] StrictRedis<ConnectionPool<Connection<host=localhost,port=6379,db=0>>>
[19/Mar/2016 18:14:04] DEBUG [core.views:51] expected string or buffer
[19/Mar/2016 18:14:34] DEBUG [core.views:24] 2
[19/Mar/2016 18:14:34] DEBUG [core.views:26] 
[19/Mar/2016 18:14:34] DEBUG [core.views:44] StrictRedis<ConnectionPool<Connection<host=localhost,port=6379,db=0>>>
[19/Mar/2016 18:15:35] DEBUG [core.views:24] 2
[19/Mar/2016 18:15:35] DEBUG [core.views:26] 
[19/Mar/2016 18:15:35] DEBUG [core.views:44] StrictRedis<ConnectionPool<Connection<host=localhost,port=6379,db=0>>>
[19/Mar/2016 18:15:56] DEBUG [core.views:24] 2
[19/Mar/2016 18:15:56] DEBUG [core.views:26] 
[19/Mar/2016 18:15:56] DEBUG [core.views:44] StrictRedis<ConnectionPool<Connection<host=localhost,port=6379,db=0>>>
[19/Mar/2016 18:16:56] DEBUG [core.views:24] 2
[19/Mar/2016 18:16:56] DEBUG [core.views:26] 
[19/Mar/2016 18:16:56] DEBUG [core.views:44] StrictRedis<ConnectionPool<Connection<host=localhost,port=6379,db=0>>>
[19/Mar/2016 18:18:06] DEBUG [core.views:24] 2
[19/Mar/2016 18:18:06] DEBUG [core.views:26] 
[19/Mar/2016 18:18:06] DEBUG [core.views:44] StrictRedis<ConnectionPool<Connection<host=localhost,port=6379,db=0>>>
[19/Mar/2016 18:18:34] DEBUG [core.views:24] 2
[19/Mar/2016 18:18:34] DEBUG [core.views:26] 
[19/Mar/2016 18:18:34] DEBUG [core.views:44] StrictRedis<ConnectionPool<Connection<host=localhost,port=6379,db=0>>>
[19/Mar/2016 18:19:16] DEBUG [core.views:24] 2
[19/Mar/2016 18:19:16] DEBUG [core.views:26] 
[19/Mar/2016 18:19:16] DEBUG [core.views:44] StrictRedis<ConnectionPool<Connection<host=localhost,port=6379,db=0>>>
[19/Mar/2016 18:19:35] DEBUG [core.views:24] 2
[19/Mar/2016 18:19:35] DEBUG [core.views:26] 
[19/Mar/2016 18:19:35] DEBUG [core.views:44] StrictRedis<ConnectionPool<Connection<host=localhost,port=6379,db=0>>>
[19/Mar/2016 18:20:12] DEBUG [core.views:24] 2
[19/Mar/2016 18:20:12] DEBUG [core.views:26] 
[19/Mar/2016 18:20:12] DEBUG [core.views:44] StrictRedis<ConnectionPool<Connection<host=localhost,port=6379,db=0>>>
[19/Mar/2016 18:20:15] DEBUG [core.views:24] 2
[19/Mar/2016 18:20:15] DEBUG [core.views:26] 
[19/Mar/2016 18:20:15] DEBUG [core.views:44] StrictRedis<ConnectionPool<Connection<host=localhost,port=6379,db=0>>>
[19/Mar/2016 18:20:16] DEBUG [core.views:24] 2
[19/Mar/2016 18:20:16] DEBUG [core.views:26] 
[19/Mar/2016 18:20:16] DEBUG [core.views:44] StrictRedis<ConnectionPool<Connection<host=localhost,port=6379,db=0>>>
[19/Mar/2016 18:20:16] DEBUG [core.views:24] 2
[19/Mar/2016 18:20:16] DEBUG [core.views:26] 
[19/Mar/2016 18:20:16] DEBUG [core.views:44] StrictRedis<ConnectionPool<Connection<host=localhost,port=6379,db=0>>>
[19/Mar/2016 18:20:16] DEBUG [core.views:24] 2
[19/Mar/2016 18:20:16] DEBUG [core.views:26] 
[19/Mar/2016 18:20:16] DEBUG [core.views:44] StrictRedis<ConnectionPool<Connection<host=localhost,port=6379,db=0>>>
[19/Mar/2016 18:20:16] DEBUG [core.views:24] 2
[19/Mar/2016 18:20:16] DEBUG [core.views:26] 
[19/Mar/2016 18:20:16] DEBUG [core.views:44] StrictRedis<ConnectionPool<Connection<host=localhost,port=6379,db=0>>>
[19/Mar/2016 18:20:17] DEBUG [core.views:24] 2
[19/Mar/2016 18:20:17] DEBUG [core.views:26] 
[19/Mar/2016 18:20:17] DEBUG [core.views:44] StrictRedis<ConnectionPool<Connection<host=localhost,port=6379,db=0>>>
[19/Mar/2016 18:20:17] DEBUG [core.views:24] 2
[19/Mar/2016 18:20:17] DEBUG [core.views:26] 
[19/Mar/2016 18:20:17] DEBUG [core.views:44] StrictRedis<ConnectionPool<Connection<host=localhost,port=6379,db=0>>>
[19/Mar/2016 18:20:17] DEBUG [core.views:24] 2
[19/Mar/2016 18:20:17] DEBUG [core.views:26] 
[19/Mar/2016 18:20:17] DEBUG [core.views:44] StrictRedis<ConnectionPool<Connection<host=localhost,port=6379,db=0>>>
[19/Mar/2016 18:20:17] DEBUG [core.views:24] 2
[19/Mar/2016 18:20:17] DEBUG [core.views:26] 
[19/Mar/2016 18:20:17] DEBUG [core.views:44] StrictRedis<ConnectionPool<Connection<host=localhost,port=6379,db=0>>>
[19/Mar/2016 18:20:17] DEBUG [core.views:24] 2
[19/Mar/2016 18:20:17] DEBUG [core.views:26] 
[19/Mar/2016 18:20:17] DEBUG [core.views:44] StrictRedis<ConnectionPool<Connection<host=localhost,port=6379,db=0>>>
[19/Mar/2016 18:20:17] DEBUG [core.views:24] 2
[19/Mar/2016 18:20:17] DEBUG [core.views:26] 
[19/Mar/2016 18:20:17] DEBUG [core.views:44] StrictRedis<ConnectionPool<Connection<host=localhost,port=6379,db=0>>>
[19/Mar/2016 18:20:18] DEBUG [core.views:24] 2
[19/Mar/2016 18:20:18] DEBUG [core.views:26] 
[19/Mar/2016 18:20:18] DEBUG [core.views:44] StrictRedis<ConnectionPool<Connection<host=localhost,port=6379,db=0>>>
[19/Mar/2016 18:20:18] DEBUG [core.views:24] 2
[19/Mar/2016 18:20:18] DEBUG [core.views:26] 
[19/Mar/2016 18:20:18] DEBUG [core.views:44] StrictRedis<ConnectionPool<Connection<host=localhost,port=6379,db=0>>>
[19/Mar/2016 18:20:18] DEBUG [core.views:24] 2
[19/Mar/2016 18:20:18] DEBUG [core.views:26] 
[19/Mar/2016 18:20:18] DEBUG [core.views:44] StrictRedis<ConnectionPool<Connection<host=localhost,port=6379,db=0>>>
[19/Mar/2016 18:20:37] DEBUG [core.views:24] 2
[19/Mar/2016 18:20:37] DEBUG [core.views:26] 
[19/Mar/2016 18:20:37] DEBUG [core.views:44] StrictRedis<ConnectionPool<Connection<host=localhost,port=6379,db=0>>>
[19/Mar/2016 18:20:37] DEBUG [core.views:24] 2
[19/Mar/2016 18:20:37] DEBUG [core.views:26] 
[19/Mar/2016 18:20:37] DEBUG [core.views:44] StrictRedis<ConnectionPool<Connection<host=localhost,port=6379,db=0>>>
[19/Mar/2016 18:20:38] DEBUG [core.views:24] 2
[19/Mar/2016 18:20:38] DEBUG [core.views:26] 
[19/Mar/2016 18:20:38] DEBUG [core.views:44] StrictRedis<ConnectionPool<Connection<host=localhost,port=6379,db=0>>>
[19/Mar/2016 18:20:38] DEBUG [core.views:24] 2
[19/Mar/2016 18:20:38] DEBUG [core.views:26] 
[19/Mar/2016 18:20:38] DEBUG [core.views:44] StrictRedis<ConnectionPool<Connection<host=localhost,port=6379,db=0>>>
[19/Mar/2016 18:20:39] DEBUG [core.views:24] 2
[19/Mar/2016 18:20:39] DEBUG [core.views:26] 
[19/Mar/2016 18:20:39] DEBUG [core.views:44] StrictRedis<ConnectionPool<Connection<host=localhost,port=6379,db=0>>>
[19/Mar/2016 18:20:39] DEBUG [core.views:24] 2
[19/Mar/2016 18:20:39] DEBUG [core.views:26] 
[19/Mar/2016 18:20:39] DEBUG [core.views:44] StrictRedis<ConnectionPool<Connection<host=localhost,port=6379,db=0>>>
[19/Mar/2016 18:20:39] DEBUG [core.views:24] 2
[19/Mar/2016 18:20:39] DEBUG [core.views:26] 
[19/Mar/2016 18:20:40] DEBUG [core.views:44] StrictRedis<ConnectionPool<Connection<host=localhost,port=6379,db=0>>>
[19/Mar/2016 18:20:40] DEBUG [core.views:24] 2
[19/Mar/2016 18:20:40] DEBUG [core.views:26] 
[19/Mar/2016 18:20:40] DEBUG [core.views:44] StrictRedis<ConnectionPool<Connection<host=localhost,port=6379,db=0>>>
[19/Mar/2016 18:20:40] DEBUG [core.views:24] 2
[19/Mar/2016 18:20:40] DEBUG [core.views:26] 
[19/Mar/2016 18:20:40] DEBUG [core.views:44] StrictRedis<ConnectionPool<Connection<host=localhost,port=6379,db=0>>>
[19/Mar/2016 18:20:40] DEBUG [core.views:24] 2
[19/Mar/2016 18:20:40] DEBUG [core.views:26] 
[19/Mar/2016 18:20:40] DEBUG [core.views:44] StrictRedis<ConnectionPool<Connection<host=localhost,port=6379,db=0>>>
[19/Mar/2016 18:20:41] DEBUG [core.views:24] 2
[19/Mar/2016 18:20:41] DEBUG [core.views:26] 
[19/Mar/2016 18:20:41] DEBUG [core.views:44] StrictRedis<ConnectionPool<Connection<host=localhost,port=6379,db=0>>>
[19/Mar/2016 18:20:42] DEBUG [core.views:24] 2
[19/Mar/2016 18:20:42] DEBUG [core.views:26] 
[19/Mar/2016 18:20:42] DEBUG [core.views:44] StrictRedis<ConnectionPool<Connection<host=localhost,port=6379,db=0>>>
[19/Mar/2016 18:21:16] DEBUG [core.views:24] 2
[19/Mar/2016 18:21:16] DEBUG [core.views:26] 
[19/Mar/2016 18:21:17] DEBUG [core.views:44] StrictRedis<ConnectionPool<Connection<host=localhost,port=6379,db=0>>>
[19/Mar/2016 18:21:19] DEBUG [core.views:24] 2
[19/Mar/2016 18:21:19] DEBUG [core.views:26] 
[19/Mar/2016 18:21:19] DEBUG [core.views:44] StrictRedis<ConnectionPool<Connection<host=localhost,port=6379,db=0>>>
[19/Mar/2016 18:21:21] DEBUG [core.views:24] 2
[19/Mar/2016 18:21:21] DEBUG [core.views:26] 
[19/Mar/2016 18:21:21] DEBUG [core.views:44] StrictRedis<ConnectionPool<Connection<host=localhost,port=6379,db=0>>>
[19/Mar/2016 18:21:24] DEBUG [core.views:24] 2
[19/Mar/2016 18:21:24] DEBUG [core.views:26] 
[19/Mar/2016 18:21:24] DEBUG [core.views:44] StrictRedis<ConnectionPool<Connection<host=localhost,port=6379,db=0>>>
[19/Mar/2016 18:25:41] DEBUG [core.views:24] 2
[19/Mar/2016 18:25:41] DEBUG [core.views:26] 
[19/Mar/2016 18:25:41] DEBUG [core.views:51] value too long for type character varying(255)

[19/Mar/2016 18:26:34] DEBUG [core.views:24] 2
[19/Mar/2016 18:26:34] DEBUG [core.views:26] 
[19/Mar/2016 18:26:34] DEBUG [core.views:51] value too long for type character varying(255)

[19/Mar/2016 18:26:44] DEBUG [core.views:24] 2
[19/Mar/2016 18:26:44] DEBUG [core.views:26] 
[19/Mar/2016 18:26:44] DEBUG [core.views:44] StrictRedis<ConnectionPool<Connection<host=localhost,port=6379,db=0>>>
[19/Mar/2016 18:26:45] DEBUG [core.views:24] 2
[19/Mar/2016 18:26:45] DEBUG [core.views:26] 
[19/Mar/2016 18:26:45] DEBUG [core.views:44] StrictRedis<ConnectionPool<Connection<host=localhost,port=6379,db=0>>>
[19/Mar/2016 18:26:45] DEBUG [core.views:24] 2
[19/Mar/2016 18:26:45] DEBUG [core.views:26] 
[19/Mar/2016 18:26:45] DEBUG [core.views:44] StrictRedis<ConnectionPool<Connection<host=localhost,port=6379,db=0>>>
[19/Mar/2016 18:26:45] DEBUG [core.views:24] 2
[19/Mar/2016 18:26:45] DEBUG [core.views:26] 
[19/Mar/2016 18:26:45] DEBUG [core.views:44] StrictRedis<ConnectionPool<Connection<host=localhost,port=6379,db=0>>>
[19/Mar/2016 18:26:46] DEBUG [core.views:24] 2
[19/Mar/2016 18:26:46] DEBUG [core.views:26] 
[19/Mar/2016 18:26:46] DEBUG [core.views:44] StrictRedis<ConnectionPool<Connection<host=localhost,port=6379,db=0>>>
[19/Mar/2016 18:26:47] DEBUG [core.views:24] 2
[19/Mar/2016 18:26:47] DEBUG [core.views:26] 
[19/Mar/2016 18:26:47] DEBUG [core.views:44] StrictRedis<ConnectionPool<Connection<host=localhost,port=6379,db=0>>>
[19/Mar/2016 18:26:49] DEBUG [core.views:24] 2
[19/Mar/2016 18:26:49] DEBUG [core.views:26] 
[19/Mar/2016 18:26:49] DEBUG [core.views:44] StrictRedis<ConnectionPool<Connection<host=localhost,port=6379,db=0>>>
[19/Mar/2016 18:26:52] DEBUG [core.views:24] 2
[19/Mar/2016 18:26:52] DEBUG [core.views:26] 
[19/Mar/2016 18:26:52] DEBUG [core.views:44] StrictRedis<ConnectionPool<Connection<host=localhost,port=6379,db=0>>>
[19/Mar/2016 18:26:54] DEBUG [core.views:24] 2
[19/Mar/2016 18:26:54] DEBUG [core.views:26] 
[19/Mar/2016 18:26:54] DEBUG [core.views:51] value too long for type character varying(255)

[19/Mar/2016 18:27:20] DEBUG [core.views:24] 2
[19/Mar/2016 18:27:20] DEBUG [core.views:26] 
[19/Mar/2016 18:27:20] DEBUG [core.views:44] StrictRedis<ConnectionPool<Connection<host=localhost,port=6379,db=0>>>
[19/Mar/2016 18:27:23] DEBUG [core.views:24] 2
[19/Mar/2016 18:27:23] DEBUG [core.views:26] 
[19/Mar/2016 18:27:23] DEBUG [core.views:51] value too long for type character varying(1000)

[19/Mar/2016 18:27:28] DEBUG [core.views:24] 2
[19/Mar/2016 18:27:28] DEBUG [core.views:26] 
[19/Mar/2016 18:27:28] DEBUG [core.views:44] StrictRedis<ConnectionPool<Connection<host=localhost,port=6379,db=0>>>
[19/Mar/2016 18:27:31] DEBUG [core.views:24] 2
[19/Mar/2016 18:27:31] DEBUG [core.views:26] 
[19/Mar/2016 18:27:31] DEBUG [core.views:44] StrictRedis<ConnectionPool<Connection<host=localhost,port=6379,db=0>>>
[19/Mar/2016 18:34:52] DEBUG [core.views:24] 2
[19/Mar/2016 18:34:52] DEBUG [core.views:26] 
[19/Mar/2016 18:34:53] DEBUG [core.views:44] StrictRedis<ConnectionPool<Connection<host=localhost,port=6379,db=0>>>
[19/Mar/2016 18:35:06] DEBUG [core.views:24] 2
[19/Mar/2016 18:35:06] DEBUG [core.views:26] 
[19/Mar/2016 18:35:06] DEBUG [core.views:44] StrictRedis<ConnectionPool<Connection<host=localhost,port=6379,db=0>>>
